[05-Jul-2016 17:39:31] PHP Notice:  Undefined index: HTTP_VIA in /www/51xzkt/console/function.php on line 6
[05-Jul-2016 17:39:31] PHP Notice:  Undefined variable: upfile_path in /www/51xzkt/console/do.php on line 52
[05-Jul-2016 17:39:31] PHP Notice:  Undefined variable: qer in /www/51xzkt/console/do.php on line 222
[05-Jul-2016 17:39:31] PHP Notice:  Undefined variable: js in /www/51xzkt/console/function.php on line 121
[05-Jul-2016 17:39:37] PHP Notice:  Undefined index: HTTP_VIA in /www/51xzkt/console/function.php on line 6
[05-Jul-2016 17:39:37] PHP Notice:  Undefined variable: upfile_path in /www/51xzkt/console/do.php on line 52
[05-Jul-2016 17:39:37] PHP Notice:  Undefined variable: qer in /www/51xzkt/console/do.php on line 222
[05-Jul-2016 17:39:37] PHP Notice:  Undefined variable: js in /www/51xzkt/console/function.php on line 121
[05-Jul-2016 17:39:46] PHP Notice:  Undefined index: HTTP_VIA in /www/51xzkt/console/function.php on line 6
[05-Jul-2016 17:39:46] PHP Notice:  Undefined variable: upfile_path in /www/51xzkt/console/do.php on line 52
[05-Jul-2016 17:39:46] PHP Notice:  Undefined variable: qer in /www/51xzkt/console/do.php on line 222
[05-Jul-2016 17:39:46] PHP Notice:  Undefined variable: js in /www/51xzkt/console/function.php on line 121
[05-Jul-2016 17:39:52] PHP Notice:  Undefined index: HTTP_VIA in /www/51xzkt/console/function.php on line 6
[05-Jul-2016 17:39:52] PHP Notice:  Undefined variable: js in /www/51xzkt/console/function.php on line 121
[05-Jul-2016 17:39:55] PHP Notice:  Undefined index: HTTP_VIA in /www/51xzkt/console/function.php on line 6
[05-Jul-2016 17:39:55] PHP Notice:  Undefined variable: js in /www/51xzkt/console/function.php on line 121
[05-Jul-2016 17:40:02] PHP Notice:  Undefined index: HTTP_VIA in /www/51xzkt/console/function.php on line 6
[05-Jul-2016 17:40:02] PHP Notice:  Undefined variable: js in /www/51xzkt/console/function.php on line 121
[05-Jul-2016 17:48:04] PHP Notice:  Undefined index: HTTP_VIA in /www/51xzkt/console/function.php on line 6
[05-Jul-2016 17:48:04] PHP Notice:  Undefined variable: js in /www/51xzkt/console/function.php on line 121
[05-Jul-2016 17:48:16] PHP Notice:  Undefined index: HTTP_VIA in /www/51xzkt/console/function.php on line 6
[05-Jul-2016 17:48:16] PHP Notice:  Undefined variable: js in /www/51xzkt/console/function.php on line 121
[06-Jul-2016 08:50:04] PHP Notice:  Undefined index: HTTP_VIA in /www/51xzkt/console/function.php on line 6
[06-Jul-2016 08:50:11] PHP Notice:  Undefined index: HTTP_VIA in /www/51xzkt/console/function.php on line 6
[06-Jul-2016 08:50:20] PHP Notice:  Undefined index: HTTP_VIA in /www/51xzkt/console/function.php on line 6
[06-Jul-2016 08:50:30] PHP Notice:  Undefined index: HTTP_VIA in /www/51xzkt/console/function.php on line 6
[06-Jul-2016 08:50:42] PHP Notice:  Undefined index: HTTP_VIA in /www/51xzkt/console/function.php on line 6
[06-Jul-2016 08:50:44] PHP Notice:  Undefined index: HTTP_VIA in /www/51xzkt/console/function.php on line 6
[06-Jul-2016 08:56:48] PHP Notice:  Undefined index: HTTP_VIA in /www/51xzkt/console/function.php on line 6
[06-Jul-2016 08:57:15] PHP Notice:  Undefined index: HTTP_VIA in /www/51xzkt/console/function.php on line 6
[06-Jul-2016 08:57:15] PHP Notice:  Undefined variable: js in /www/51xzkt/console/function.php on line 121
[06-Jul-2016 08:57:46] PHP Notice:  Undefined index: HTTP_VIA in /www/51xzkt/console/function.php on line 6
[06-Jul-2016 08:57:55] PHP Notice:  Undefined index: HTTP_VIA in /www/51xzkt/console/function.php on line 6
[06-Jul-2016 08:58:05] PHP Notice:  Undefined index: HTTP_VIA in /www/51xzkt/console/function.php on line 6
[06-Jul-2016 08:58:09] PHP Notice:  Undefined index: HTTP_VIA in /www/51xzkt/console/function.php on line 6
[06-Jul-2016 08:58:12] PHP Notice:  Undefined index: HTTP_VIA in /www/51xzkt/console/function.php on line 6
[06-Jul-2016 08:58:26] PHP Notice:  Undefined index: HTTP_VIA in /www/51xzkt/console/function.php on line 6
[06-Jul-2016 08:58:47] PHP Notice:  Undefined index: HTTP_VIA in /www/51xzkt/console/function.php on line 6
[06-Jul-2016 08:58:52] PHP Notice:  Undefined index: HTTP_VIA in /www/51xzkt/console/function.php on line 6
[06-Jul-2016 09:30:11] PHP Notice:  Undefined index: HTTP_VIA in /www/51xzkt/console/function.php on line 6
[06-Jul-2016 09:30:11] PHP Notice:  Undefined variable: js in /www/51xzkt/console/function.php on line 121
[06-Jul-2016 09:30:55] PHP Notice:  Undefined index: HTTP_VIA in /www/51xzkt/console/function.php on line 6
[06-Jul-2016 09:30:55] PHP Notice:  Undefined variable: upfile_path in /www/51xzkt/console/do.php on line 52
[06-Jul-2016 09:30:55] PHP Notice:  Undefined variable: qer in /www/51xzkt/console/do.php on line 222
[06-Jul-2016 09:30:55] PHP Notice:  Undefined variable: js in /www/51xzkt/console/function.php on line 121
[06-Jul-2016 09:31:06] PHP Notice:  Undefined index: HTTP_VIA in /www/51xzkt/console/function.php on line 6
[06-Jul-2016 09:31:06] PHP Notice:  Undefined variable: upfile_path in /www/51xzkt/console/do.php on line 52
[06-Jul-2016 09:31:06] PHP Notice:  Undefined variable: qer in /www/51xzkt/console/do.php on line 222
[06-Jul-2016 09:31:06] PHP Notice:  Undefined variable: js in /www/51xzkt/console/function.php on line 121
[06-Jul-2016 09:31:17] PHP Notice:  Undefined index: HTTP_VIA in /www/51xzkt/console/function.php on line 6
[06-Jul-2016 09:31:17] PHP Notice:  Undefined variable: upfile_path in /www/51xzkt/console/do.php on line 52
[06-Jul-2016 09:31:17] PHP Notice:  Undefined variable: qer in /www/51xzkt/console/do.php on line 222
[06-Jul-2016 09:31:17] PHP Notice:  Undefined variable: js in /www/51xzkt/console/function.php on line 121
[06-Jul-2016 09:48:28] PHP Notice:  Undefined index: HTTP_VIA in /www/51xzkt/console/function.php on line 6
[06-Jul-2016 09:48:28] PHP Notice:  Undefined variable: js in /www/51xzkt/console/function.php on line 121
[06-Jul-2016 09:48:31] PHP Notice:  Undefined index: HTTP_VIA in /www/51xzkt/console/function.php on line 6
[06-Jul-2016 09:48:31] PHP Notice:  Undefined variable: upfile_path in /www/51xzkt/console/do.php on line 52
[06-Jul-2016 09:48:31] PHP Notice:  Undefined variable: qer in /www/51xzkt/console/do.php on line 222
[06-Jul-2016 09:48:31] PHP Notice:  Undefined variable: js in /www/51xzkt/console/function.php on line 121
[06-Jul-2016 09:48:51] PHP Notice:  Undefined index: HTTP_VIA in /www/51xzkt/console/function.php on line 6
[06-Jul-2016 09:48:51] PHP Notice:  Undefined variable: upfile_path in /www/51xzkt/console/do.php on line 52
[06-Jul-2016 09:48:51] PHP Notice:  Undefined variable: qer in /www/51xzkt/console/do.php on line 222
[06-Jul-2016 09:48:51] PHP Notice:  Undefined variable: js in /www/51xzkt/console/function.php on line 121
[06-Jul-2016 10:31:01] PHP Notice:  Undefined index: HTTP_VIA in /www/51xzkt/console/function.php on line 6
[06-Jul-2016 10:31:01] PHP Notice:  Undefined variable: js in /www/51xzkt/console/function.php on line 121
[06-Jul-2016 10:50:37] PHP Notice:  Undefined index: HTTP_VIA in /www/51xzkt/console/function.php on line 6
[06-Jul-2016 10:50:37] PHP Notice:  Undefined index: account in /www/51xzkt/console/function.php on line 60
[06-Jul-2016 10:50:37] PHP Notice:  Undefined index: email in /www/51xzkt/console/function.php on line 60
[06-Jul-2016 10:50:37] PHP Notice:  Undefined variable: js in /www/51xzkt/console/function.php on line 121
[06-Jul-2016 12:31:23] PHP Notice:  Undefined index: HTTP_VIA in /www/51xzkt/console/function.php on line 6
[06-Jul-2016 12:31:23] PHP Notice:  Undefined variable: js in /www/51xzkt/console/function.php on line 121
[06-Jul-2016 12:36:30] PHP Notice:  Undefined index: HTTP_VIA in /www/51xzkt/console/function.php on line 6
[06-Jul-2016 16:12:04] PHP Notice:  Undefined index: HTTP_VIA in /www/51xzkt/console/function.php on line 6
[06-Jul-2016 16:12:58] PHP Notice:  Undefined index: HTTP_VIA in /www/51xzkt/console/function.php on line 6
[06-Jul-2016 16:14:09] PHP Notice:  Undefined index: HTTP_VIA in /www/51xzkt/console/function.php on line 6
[06-Jul-2016 16:14:47] PHP Notice:  Undefined index: HTTP_VIA in /www/51xzkt/console/function.php on line 6
[06-Jul-2016 16:14:47] PHP Notice:  Undefined index: cat_ico in /www/51xzkt/console/function.php on line 60
[06-Jul-2016 16:14:47] PHP Notice:  Undefined variable: js in /www/51xzkt/console/function.php on line 121
[06-Jul-2016 16:15:51] PHP Notice:  Undefined index: HTTP_VIA in /www/51xzkt/console/function.php on line 6
[06-Jul-2016 16:15:51] PHP Notice:  Undefined index: cat_ico in /www/51xzkt/console/function.php on line 60
[06-Jul-2016 16:15:51] PHP Notice:  Undefined variable: js in /www/51xzkt/console/function.php on line 121
[06-Jul-2016 16:16:41] PHP Notice:  Undefined index: HTTP_VIA in /www/51xzkt/console/function.php on line 6
[06-Jul-2016 16:16:41] PHP Notice:  Undefined variable: upfile_path in /www/51xzkt/console/do.php on line 124
[06-Jul-2016 16:16:41] PHP Notice:  Undefined variable: upfile_path in /www/51xzkt/console/do.php on line 124
[06-Jul-2016 16:16:41] PHP Notice:  Undefined variable: upfile_path in /www/51xzkt/console/do.php on line 124
[06-Jul-2016 16:16:41] PHP Notice:  Undefined variable: upfile_path in /www/51xzkt/console/do.php on line 124
[06-Jul-2016 16:16:41] PHP Notice:  Undefined variable: upfile_path in /www/51xzkt/console/do.php on line 124
[06-Jul-2016 16:16:41] PHP Notice:  Undefined variable: upfile_path in /www/51xzkt/console/do.php on line 124
[06-Jul-2016 16:16:41] PHP Notice:  Undefined variable: upfile_path in /www/51xzkt/console/do.php on line 124
[06-Jul-2016 16:16:41] PHP Notice:  Undefined variable: upfile_path in /www/51xzkt/console/do.php on line 124
[06-Jul-2016 16:16:41] PHP Notice:  Undefined variable: g_shopid in /www/51xzkt/console/do.php on line 1618
[06-Jul-2016 16:16:41] PHP Notice:  Undefined variable: g_shopid in /www/51xzkt/console/do.php on line 1624
[06-Jul-2016 16:16:41] PHP Notice:  Undefined index: supplier_id in /www/51xzkt/console/function.php on line 60
[06-Jul-2016 16:16:41] PHP Notice:  Undefined variable: typeof_group_id in /www/51xzkt/console/do.php on line 1638
[06-Jul-2016 16:16:41] PHP Notice:  Undefined variable: goods_attr in /www/51xzkt/console/do.php on line 1638
[06-Jul-2016 16:16:41] PHP Notice:  Undefined variable: is_hot in /www/51xzkt/console/do.php on line 1638
[06-Jul-2016 16:16:41] PHP Notice:  Undefined variable: is_traffic in /www/51xzkt/console/do.php on line 1638
[06-Jul-2016 16:16:41] PHP Notice:  Undefined variable: traffic_weight in /www/51xzkt/console/do.php on line 1638
[06-Jul-2016 16:16:41] PHP Notice:  Undefined variable: order_id in /www/51xzkt/console/do.php on line 1638
[06-Jul-2016 16:16:41] PHP Notice:  Undefined variable: brand_id in /www/51xzkt/console/do.php on line 1638
[06-Jul-2016 16:16:41] PHP Notice:  Undefined variable: sale_number in /www/51xzkt/console/do.php on line 1638
[06-Jul-2016 16:16:41] PHP Notice:  Undefined variable: clicks in /www/51xzkt/console/do.php on line 1638
[06-Jul-2016 16:16:41] PHP Notice:  Undefined variable: upfile_path in /www/51xzkt/console/do.php on line 52
[06-Jul-2016 16:16:41] PHP Notice:  Undefined variable: upfile_path in /www/51xzkt/console/do.php on line 52
[06-Jul-2016 16:16:41] PHP Notice:  Undefined variable: upfile_path in /www/51xzkt/console/do.php on line 52
[06-Jul-2016 16:16:41] PHP Notice:  Undefined variable: upfile_path in /www/51xzkt/console/do.php on line 52
[06-Jul-2016 16:16:41] PHP Notice:  Undefined variable: upfile_path in /www/51xzkt/console/do.php on line 52
[06-Jul-2016 16:16:41] PHP Notice:  Undefined variable: catalogs in /www/51xzkt/console/do.php on line 1655
[06-Jul-2016 16:16:41] PHP Notice:  Undefined variable: js in /www/51xzkt/console/function.php on line 121
[06-Jul-2016 16:17:29] PHP Notice:  Undefined index: HTTP_VIA in /www/51xzkt/console/function.php on line 6
[06-Jul-2016 16:17:32] PHP Notice:  Undefined index: HTTP_VIA in /www/51xzkt/console/function.php on line 6
[06-Jul-2016 16:20:26] PHP Notice:  Undefined index: HTTP_VIA in /www/51xzkt/console/function.php on line 6
[06-Jul-2016 16:20:38] PHP Notice:  Undefined index: HTTP_VIA in /www/51xzkt/console/function.php on line 6
[06-Jul-2016 16:43:46] PHP Notice:  Undefined index: HTTP_VIA in /www/51xzkt/console/function.php on line 6
[06-Jul-2016 16:43:49] PHP Notice:  Undefined index: HTTP_VIA in /www/51xzkt/console/function.php on line 6
[06-Jul-2016 16:43:54] PHP Notice:  Undefined index: HTTP_VIA in /www/51xzkt/console/function.php on line 6
[06-Jul-2016 18:40:21] PHP Notice:  Undefined index: HTTP_VIA in /www/51xzkt/console/function.php on line 6
[06-Jul-2016 18:40:21] PHP Notice:  Undefined variable: js in /www/51xzkt/console/function.php on line 121
[06-Jul-2016 18:42:04] PHP Notice:  Undefined index: HTTP_VIA in /www/51xzkt/console/function.php on line 6
[06-Jul-2016 18:43:32] PHP Notice:  Undefined index: HTTP_VIA in /www/51xzkt/console/function.php on line 6
[06-Jul-2016 18:43:32] PHP Notice:  Undefined variable: js in /www/51xzkt/console/function.php on line 121
[06-Jul-2016 18:43:44] PHP Notice:  Undefined index: HTTP_VIA in /www/51xzkt/console/function.php on line 6
[06-Jul-2016 18:43:52] PHP Notice:  Undefined index: HTTP_VIA in /www/51xzkt/console/function.php on line 6
[06-Jul-2016 18:44:08] PHP Notice:  Undefined index: HTTP_VIA in /www/51xzkt/console/function.php on line 6
[06-Jul-2016 18:44:24] PHP Notice:  Undefined index: HTTP_VIA in /www/51xzkt/console/function.php on line 6
[06-Jul-2016 18:45:01] PHP Notice:  Undefined index: HTTP_VIA in /www/51xzkt/console/function.php on line 6
[06-Jul-2016 18:45:01] PHP Notice:  Undefined variable: js in /www/51xzkt/console/function.php on line 121
[06-Jul-2016 19:06:32] PHP Notice:  Undefined index: HTTP_VIA in /www/51xzkt/console/function.php on line 6
[06-Jul-2016 19:06:32] PHP Notice:  Undefined variable: js in /www/51xzkt/console/function.php on line 121
[06-Jul-2016 19:07:02] PHP Notice:  Undefined index: HTTP_VIA in /www/51xzkt/console/function.php on line 6
[06-Jul-2016 19:07:02] PHP Notice:  Undefined variable: js in /www/51xzkt/console/function.php on line 121
[06-Jul-2016 19:07:31] PHP Notice:  Undefined index: HTTP_VIA in /www/51xzkt/console/function.php on line 6
[06-Jul-2016 19:23:36] PHP Notice:  Undefined index: HTTP_VIA in /www/51xzkt/console/function.php on line 6
[06-Jul-2016 19:23:36] PHP Notice:  Undefined variable: js in /www/51xzkt/console/function.php on line 121
[06-Jul-2016 19:35:09] PHP Notice:  Undefined index: HTTP_VIA in /www/51xzkt/console/function.php on line 6
[06-Jul-2016 19:35:09] PHP Notice:  Undefined variable: js in /www/51xzkt/console/function.php on line 121
[06-Jul-2016 19:36:29] PHP Notice:  Undefined index: HTTP_VIA in /www/51xzkt/console/function.php on line 6
[06-Jul-2016 19:36:29] PHP Notice:  Undefined variable: js in /www/51xzkt/console/function.php on line 121
[06-Jul-2016 13:37:59] PHP Fatal error:  Call to a member function get_value() on a non-object in /www/51xzkt/console/ajax/ajax.order_warn.php on line 6
[06-Jul-2016 19:44:30] PHP Notice:  Undefined index: HTTP_VIA in /www/51xzkt/console/function.php on line 6
[06-Jul-2016 19:44:30] PHP Notice:  Undefined variable: js in /www/51xzkt/console/function.php on line 121
[06-Jul-2016 19:45:30] PHP Notice:  Undefined index: HTTP_VIA in /www/51xzkt/console/function.php on line 6
[06-Jul-2016 19:45:30] PHP Notice:  Undefined variable: js in /www/51xzkt/console/function.php on line 121
