【2017-04-14 09:37:17】
http://travel.bus365.com/

由于连接方在一段时间后没有正确答复或连接的主机没有反应，连接尝试失败。
 ( 2002 )

【2017-04-14 09:37:17】
http://travel.bus365.com/
SELECT * FROM `t_site_config` WHERE `state`='1' ORDER BY site_id ASC 
由于连接方在一段时间后没有正确答复或连接的主机没有反应，连接尝试失败。
 ( 2002 )

【2017-04-14 09:37:17】
http://travel.bus365.com/
SELECT * FROM `t_site_hotspot` WHERE `site_id`='801' AND `parent_id`='0' ORDER BY `order_id` ASC
由于连接方在一段时间后没有正确答复或连接的主机没有反应，连接尝试失败。
 ( 2002 )

【2017-04-14 09:37:17】
http://travel.bus365.com/
SELECT * FROM `t_site_menu` WHERE unshow='0' AND `parent_id`='0' AND `site_id`='801' ORDER BY order_id ASC LIMIT 0,10
由于连接方在一段时间后没有正确答复或连接的主机没有反应，连接尝试失败。
 ( 2002 )

【2017-04-14 09:37:17】
http://travel.bus365.com/
SELECT * FROM `t_site_ppt` WHERE `site_id`='801' AND ppt_type='0' ORDER BY order_id ASC  
由于连接方在一段时间后没有正确答复或连接的主机没有反应，连接尝试失败。
 ( 2002 )

【2017-04-14 09:37:17】
http://travel.bus365.com/
SELECT `cat_id` FROM `t_article_catalog` WHERE `site_id`='801' AND `cat_key`='notice' 
由于连接方在一段时间后没有正确答复或连接的主机没有反应，连接尝试失败。
 ( 2002 )

【2017-04-14 09:37:17】
http://travel.bus365.com/
SELECT * FROM `t_article_thread` WHERE `site_id`='801' AND `cat_id`='' ORDER BY `order_id` ASC LIMIT 0, 5
由于连接方在一段时间后没有正确答复或连接的主机没有反应，连接尝试失败。
 ( 2002 )

【2017-04-14 09:37:17】
http://travel.bus365.com/
SELECT a.* FROM `t_goods_floor` a WHERE a.`site_id`='801' AND a.`goods_type`='0'  AND a.`parent_id`='0' AND a.`state`='1' ORDER BY a.`order_id` ASC 
由于连接方在一段时间后没有正确答复或连接的主机没有反应，连接尝试失败。
 ( 2002 )

【2017-04-14 09:37:17】
http://travel.bus365.com/
SELECT * FROM `t_goods_thread` WHERE `is_sale`=1 AND `sale_type`='2' AND `site_id`='801' AND `sale_start`<='2017-04-14 09:37:17' AND `sale_end`>='2017-04-14 09:37:17' ORDER BY `is_hot` DESC, `order_id` ASC, `goods_id` DESC LIMIT 0, 1
由于连接方在一段时间后没有正确答复或连接的主机没有反应，连接尝试失败。
 ( 2002 )

【2017-04-14 09:37:17】
http://travel.bus365.com/
SELECT * FROM ( SELECT a.goods_name AS goods_name, a.min_price AS min_price, a.goods_image AS goods_image, a.goods_id AS goods_id, a.goods_type AS goods_type, a.`lv_scenic_id` AS lv_scenic_id, a.`market_price` AS market_price FROM `t_goods_thread` a WHERE a.`is_hot` = '1' AND a.`is_sale` = 1 AND a.goods_type = 1 UNION SELECT tg.goods_name AS goods_name, MIN(sku.lv_b2b_price) AS min_price, img.lv_img_url AS goods_image, tg.lv_product_id AS goods_id, tg.goods_type AS goods_type, tg.lv_scenic_id AS lv_scenic_id, sku.lv_market_price AS market_price FROM t_goods_sku sku LEFT JOIN t_goods_thread tg ON tg.lv_product_id = sku.goods_id LEFT JOIN t_goods_image img ON img.lv_product_id = tg.lv_product_id WHERE sku.lv_good_status = 'true' AND sku.lv_product_status = 'true' AND tg.goods_type = 4 AND tg.is_hot = '1' ) AS aaa ORDER BY goods_id DESC LIMIT 0,5;
由于连接方在一段时间后没有正确答复或连接的主机没有反应，连接尝试失败。
 ( 2002 )

【2017-04-14 09:37:17】
http://travel.bus365.com/
SELECT * FROM `t_site_ad` WHERE `site_id`='801' AND `ad_key`='i_r_f1' ORDER BY `order_id` ASC  LIMIT 0, 5 
由于连接方在一段时间后没有正确答复或连接的主机没有反应，连接尝试失败。
 ( 2002 )

【2017-04-14 09:37:17】
http://travel.bus365.com/
SELECT * FROM `t_site_ad` WHERE `site_id`='801' AND `ad_key`='i_r_f2' ORDER BY `order_id` ASC  LIMIT 0, 5 
由于连接方在一段时间后没有正确答复或连接的主机没有反应，连接尝试失败。
 ( 2002 )

【2017-04-14 09:37:38】
http://travel.bus365.com/

由于连接方在一段时间后没有正确答复或连接的主机没有反应，连接尝试失败。
 ( 2002 )

【2017-04-14 09:37:38】
http://travel.bus365.com/
SELECT * FROM `t_site_config` WHERE `state`='1' ORDER BY site_id ASC 
由于连接方在一段时间后没有正确答复或连接的主机没有反应，连接尝试失败。
 ( 2002 )

【2017-04-14 09:37:38】
http://travel.bus365.com/
SELECT * FROM `t_site_hotspot` WHERE `site_id`='801' AND `parent_id`='0' ORDER BY `order_id` ASC
由于连接方在一段时间后没有正确答复或连接的主机没有反应，连接尝试失败。
 ( 2002 )

【2017-04-14 09:37:38】
http://travel.bus365.com/
SELECT * FROM `t_site_menu` WHERE unshow='0' AND `parent_id`='0' AND `site_id`='801' ORDER BY order_id ASC LIMIT 0,10
由于连接方在一段时间后没有正确答复或连接的主机没有反应，连接尝试失败。
 ( 2002 )

【2017-04-14 09:37:38】
http://travel.bus365.com/
SELECT * FROM `t_site_ppt` WHERE `site_id`='801' AND ppt_type='0' ORDER BY order_id ASC  
由于连接方在一段时间后没有正确答复或连接的主机没有反应，连接尝试失败。
 ( 2002 )

【2017-04-14 09:37:38】
http://travel.bus365.com/
SELECT `cat_id` FROM `t_article_catalog` WHERE `site_id`='801' AND `cat_key`='notice' 
由于连接方在一段时间后没有正确答复或连接的主机没有反应，连接尝试失败。
 ( 2002 )

【2017-04-14 09:37:38】
http://travel.bus365.com/
SELECT * FROM `t_article_thread` WHERE `site_id`='801' AND `cat_id`='' ORDER BY `order_id` ASC LIMIT 0, 5
由于连接方在一段时间后没有正确答复或连接的主机没有反应，连接尝试失败。
 ( 2002 )

【2017-04-14 09:37:38】
http://travel.bus365.com/
SELECT a.* FROM `t_goods_floor` a WHERE a.`site_id`='801' AND a.`goods_type`='0'  AND a.`parent_id`='0' AND a.`state`='1' ORDER BY a.`order_id` ASC 
由于连接方在一段时间后没有正确答复或连接的主机没有反应，连接尝试失败。
 ( 2002 )

【2017-04-14 09:37:38】
http://travel.bus365.com/
SELECT * FROM `t_goods_thread` WHERE `is_sale`=1 AND `sale_type`='2' AND `site_id`='801' AND `sale_start`<='2017-04-14 09:37:38' AND `sale_end`>='2017-04-14 09:37:38' ORDER BY `is_hot` DESC, `order_id` ASC, `goods_id` DESC LIMIT 0, 1
由于连接方在一段时间后没有正确答复或连接的主机没有反应，连接尝试失败。
 ( 2002 )

【2017-04-14 09:37:38】
http://travel.bus365.com/
SELECT * FROM ( SELECT a.goods_name AS goods_name, a.min_price AS min_price, a.goods_image AS goods_image, a.goods_id AS goods_id, a.goods_type AS goods_type, a.`lv_scenic_id` AS lv_scenic_id, a.`market_price` AS market_price FROM `t_goods_thread` a WHERE a.`is_hot` = '1' AND a.`is_sale` = 1 AND a.goods_type = 1 UNION SELECT tg.goods_name AS goods_name, MIN(sku.lv_b2b_price) AS min_price, img.lv_img_url AS goods_image, tg.lv_product_id AS goods_id, tg.goods_type AS goods_type, tg.lv_scenic_id AS lv_scenic_id, sku.lv_market_price AS market_price FROM t_goods_sku sku LEFT JOIN t_goods_thread tg ON tg.lv_product_id = sku.goods_id LEFT JOIN t_goods_image img ON img.lv_product_id = tg.lv_product_id WHERE sku.lv_good_status = 'true' AND sku.lv_product_status = 'true' AND tg.goods_type = 4 AND tg.is_hot = '1' ) AS aaa ORDER BY goods_id DESC LIMIT 0,5;
由于连接方在一段时间后没有正确答复或连接的主机没有反应，连接尝试失败。
 ( 2002 )

【2017-04-14 09:37:38】
http://travel.bus365.com/
SELECT * FROM `t_site_ad` WHERE `site_id`='801' AND `ad_key`='i_r_f1' ORDER BY `order_id` ASC  LIMIT 0, 5 
由于连接方在一段时间后没有正确答复或连接的主机没有反应，连接尝试失败。
 ( 2002 )

【2017-04-14 09:37:38】
http://travel.bus365.com/
SELECT * FROM `t_site_ad` WHERE `site_id`='801' AND `ad_key`='i_r_f2' ORDER BY `order_id` ASC  LIMIT 0, 5 
由于连接方在一段时间后没有正确答复或连接的主机没有反应，连接尝试失败。
 ( 2002 )

【2017-04-14 09:38:23】
http://travel.bus365.com/

由于连接方在一段时间后没有正确答复或连接的主机没有反应，连接尝试失败。
 ( 2002 )

【2017-04-14 09:38:23】
http://travel.bus365.com/
SELECT * FROM `t_site_config` WHERE `state`='1' ORDER BY site_id ASC 
由于连接方在一段时间后没有正确答复或连接的主机没有反应，连接尝试失败。
 ( 2002 )

【2017-04-14 09:38:23】
http://travel.bus365.com/
SELECT * FROM `t_site_hotspot` WHERE `site_id`='801' AND `parent_id`='0' ORDER BY `order_id` ASC
由于连接方在一段时间后没有正确答复或连接的主机没有反应，连接尝试失败。
 ( 2002 )

【2017-04-14 09:38:23】
http://travel.bus365.com/
SELECT * FROM `t_site_menu` WHERE unshow='0' AND `parent_id`='0' AND `site_id`='801' ORDER BY order_id ASC LIMIT 0,10
由于连接方在一段时间后没有正确答复或连接的主机没有反应，连接尝试失败。
 ( 2002 )

【2017-04-14 09:38:23】
http://travel.bus365.com/
SELECT * FROM `t_site_ppt` WHERE `site_id`='801' AND ppt_type='0' ORDER BY order_id ASC  
由于连接方在一段时间后没有正确答复或连接的主机没有反应，连接尝试失败。
 ( 2002 )

【2017-04-14 09:38:23】
http://travel.bus365.com/
SELECT `cat_id` FROM `t_article_catalog` WHERE `site_id`='801' AND `cat_key`='notice' 
由于连接方在一段时间后没有正确答复或连接的主机没有反应，连接尝试失败。
 ( 2002 )

【2017-04-14 09:38:23】
http://travel.bus365.com/
SELECT * FROM `t_article_thread` WHERE `site_id`='801' AND `cat_id`='' ORDER BY `order_id` ASC LIMIT 0, 5
由于连接方在一段时间后没有正确答复或连接的主机没有反应，连接尝试失败。
 ( 2002 )

【2017-04-14 09:38:23】
http://travel.bus365.com/
SELECT a.* FROM `t_goods_floor` a WHERE a.`site_id`='801' AND a.`goods_type`='0'  AND a.`parent_id`='0' AND a.`state`='1' ORDER BY a.`order_id` ASC 
由于连接方在一段时间后没有正确答复或连接的主机没有反应，连接尝试失败。
 ( 2002 )

【2017-04-14 09:38:23】
http://travel.bus365.com/
SELECT * FROM `t_goods_thread` WHERE `is_sale`=1 AND `sale_type`='2' AND `site_id`='801' AND `sale_start`<='2017-04-14 09:38:23' AND `sale_end`>='2017-04-14 09:38:23' ORDER BY `is_hot` DESC, `order_id` ASC, `goods_id` DESC LIMIT 0, 1
由于连接方在一段时间后没有正确答复或连接的主机没有反应，连接尝试失败。
 ( 2002 )

【2017-04-14 09:38:23】
http://travel.bus365.com/
SELECT * FROM ( SELECT a.goods_name AS goods_name, a.min_price AS min_price, a.goods_image AS goods_image, a.goods_id AS goods_id, a.goods_type AS goods_type, a.`lv_scenic_id` AS lv_scenic_id, a.`market_price` AS market_price FROM `t_goods_thread` a WHERE a.`is_hot` = '1' AND a.`is_sale` = 1 AND a.goods_type = 1 UNION SELECT tg.goods_name AS goods_name, MIN(sku.lv_b2b_price) AS min_price, img.lv_img_url AS goods_image, tg.lv_product_id AS goods_id, tg.goods_type AS goods_type, tg.lv_scenic_id AS lv_scenic_id, sku.lv_market_price AS market_price FROM t_goods_sku sku LEFT JOIN t_goods_thread tg ON tg.lv_product_id = sku.goods_id LEFT JOIN t_goods_image img ON img.lv_product_id = tg.lv_product_id WHERE sku.lv_good_status = 'true' AND sku.lv_product_status = 'true' AND tg.goods_type = 4 AND tg.is_hot = '1' ) AS aaa ORDER BY goods_id DESC LIMIT 0,5;
由于连接方在一段时间后没有正确答复或连接的主机没有反应，连接尝试失败。
 ( 2002 )

【2017-04-14 09:38:23】
http://travel.bus365.com/
SELECT * FROM `t_site_ad` WHERE `site_id`='801' AND `ad_key`='i_r_f1' ORDER BY `order_id` ASC  LIMIT 0, 5 
由于连接方在一段时间后没有正确答复或连接的主机没有反应，连接尝试失败。
 ( 2002 )

【2017-04-14 09:38:23】
http://travel.bus365.com/
SELECT * FROM `t_site_ad` WHERE `site_id`='801' AND `ad_key`='i_r_f2' ORDER BY `order_id` ASC  LIMIT 0, 5 
由于连接方在一段时间后没有正确答复或连接的主机没有反应，连接尝试失败。
 ( 2002 )

【2017-04-14 09:38:45】
http://travel.bus365.com/stat?cmd=ui&goods_id=&rnd=0.6402807249687612

由于连接方在一段时间后没有正确答复或连接的主机没有反应，连接尝试失败。
 ( 2002 )

【2017-04-14 09:38:45】
http://travel.bus365.com/index.php?c=cindexcontroller&m=getFlightYHInfo&city=SZX

由于连接方在一段时间后没有正确答复或连接的主机没有反应，连接尝试失败。
 ( 2002 )

【2017-04-14 09:38:45】
http://travel.bus365.com/index.php?c=cindexcontroller&m=getFlightYHInfo&city=SZX
SELECT * FROM `t_site_config` WHERE `state`='1' ORDER BY site_id ASC 
由于连接方在一段时间后没有正确答复或连接的主机没有反应，连接尝试失败。
 ( 2002 )

【2017-04-14 09:38:45】
http://travel.bus365.com/index.php?c=cindexcontroller&m=getFlightYHInfo&city=SZX
SELECT * FROM `t_site_hotspot` WHERE `site_id`='801' AND `parent_id`='0' ORDER BY `order_id` ASC
由于连接方在一段时间后没有正确答复或连接的主机没有反应，连接尝试失败。
 ( 2002 )

【2017-04-14 09:38:45】
http://travel.bus365.com/index.php?c=cindexcontroller&m=getFlightYHInfo&city=SZX
SELECT * FROM `t_site_menu` WHERE unshow='0' AND `parent_id`='0' AND `site_id`='801' ORDER BY order_id ASC LIMIT 0,10
由于连接方在一段时间后没有正确答复或连接的主机没有反应，连接尝试失败。
 ( 2002 )

【2017-04-14 09:38:45】
http://travel.bus365.com/index.php?c=cindexcontroller&m=getFlightYHInfo&city=SZX
SELECT * FROM `t_site_ppt` WHERE `site_id`='801' AND ppt_type='0' ORDER BY order_id ASC  
由于连接方在一段时间后没有正确答复或连接的主机没有反应，连接尝试失败。
 ( 2002 )

【2017-04-14 09:38:45】
http://travel.bus365.com/index.php?c=cindexcontroller&m=getFlightYHInfo&city=SZX
SELECT `cat_id` FROM `t_article_catalog` WHERE `site_id`='801' AND `cat_key`='notice' 
由于连接方在一段时间后没有正确答复或连接的主机没有反应，连接尝试失败。
 ( 2002 )

【2017-04-14 09:38:45】
http://travel.bus365.com/index.php?c=cindexcontroller&m=getFlightYHInfo&city=SZX
SELECT * FROM `t_article_thread` WHERE `site_id`='801' AND `cat_id`='' ORDER BY `order_id` ASC LIMIT 0, 5
由于连接方在一段时间后没有正确答复或连接的主机没有反应，连接尝试失败。
 ( 2002 )

【2017-04-14 09:38:45】
http://travel.bus365.com/index.php?c=cindexcontroller&m=getFlightYHInfo&city=SZX
SELECT a.* FROM `t_goods_floor` a WHERE a.`site_id`='801' AND a.`goods_type`='0'  AND a.`parent_id`='0' AND a.`state`='1' ORDER BY a.`order_id` ASC 
由于连接方在一段时间后没有正确答复或连接的主机没有反应，连接尝试失败。
 ( 2002 )

【2017-04-14 09:38:45】
http://travel.bus365.com/index.php?c=cindexcontroller&m=getFlightYHInfo&city=SZX
SELECT * FROM `t_goods_thread` WHERE `is_sale`=1 AND `sale_type`='2' AND `site_id`='801' AND `sale_start`<='2017-04-14 09:38:45' AND `sale_end`>='2017-04-14 09:38:45' ORDER BY `is_hot` DESC, `order_id` ASC, `goods_id` DESC LIMIT 0, 1
由于连接方在一段时间后没有正确答复或连接的主机没有反应，连接尝试失败。
 ( 2002 )

【2017-04-14 09:38:45】
http://travel.bus365.com/index.php?c=cindexcontroller&m=getFlightYHInfo&city=SZX
SELECT * FROM ( SELECT a.goods_name AS goods_name, a.min_price AS min_price, a.goods_image AS goods_image, a.goods_id AS goods_id, a.goods_type AS goods_type, a.`lv_scenic_id` AS lv_scenic_id, a.`market_price` AS market_price FROM `t_goods_thread` a WHERE a.`is_hot` = '1' AND a.`is_sale` = 1 AND a.goods_type = 1 UNION SELECT tg.goods_name AS goods_name, MIN(sku.lv_b2b_price) AS min_price, img.lv_img_url AS goods_image, tg.lv_product_id AS goods_id, tg.goods_type AS goods_type, tg.lv_scenic_id AS lv_scenic_id, sku.lv_market_price AS market_price FROM t_goods_sku sku LEFT JOIN t_goods_thread tg ON tg.lv_product_id = sku.goods_id LEFT JOIN t_goods_image img ON img.lv_product_id = tg.lv_product_id WHERE sku.lv_good_status = 'true' AND sku.lv_product_status = 'true' AND tg.goods_type = 4 AND tg.is_hot = '1' ) AS aaa ORDER BY goods_id DESC LIMIT 0,5;
由于连接方在一段时间后没有正确答复或连接的主机没有反应，连接尝试失败。
 ( 2002 )

【2017-04-14 09:38:45】
http://travel.bus365.com/index.php?c=cindexcontroller&m=getFlightYHInfo&city=SZX
SELECT * FROM `t_site_ad` WHERE `site_id`='801' AND `ad_key`='i_r_f1' ORDER BY `order_id` ASC  LIMIT 0, 5 
由于连接方在一段时间后没有正确答复或连接的主机没有反应，连接尝试失败。
 ( 2002 )

【2017-04-14 09:38:45】
http://travel.bus365.com/index.php?c=cindexcontroller&m=getFlightYHInfo&city=SZX
SELECT * FROM `t_site_ad` WHERE `site_id`='801' AND `ad_key`='i_r_f2' ORDER BY `order_id` ASC  LIMIT 0, 5 
由于连接方在一段时间后没有正确答复或连接的主机没有反应，连接尝试失败。
 ( 2002 )

【2017-04-14 09:39:06】
http://travel.bus365.com/stat?cmd=do&rnd=0.142890005139634&v_referer=&v_session_id=04oqem6vcil0e7t902vjvgfod7&v_ip_address=127.0.0.1&v_site_id=801&v_goods_id=&v_search_bot=&v_href=http://travel.bus365.com/

由于连接方在一段时间后没有正确答复或连接的主机没有反应，连接尝试失败。
 ( 2002 )

【2017-04-14 09:39:06】
http://travel.bus365.com/stat?cmd=do&rnd=0.142890005139634&v_referer=&v_session_id=04oqem6vcil0e7t902vjvgfod7&v_ip_address=127.0.0.1&v_site_id=801&v_goods_id=&v_search_bot=&v_href=http://travel.bus365.com/
INSERT INTO `t_stat` ( `site_id` , `referer` , `session_id` , `ip_address` , `ip_name`, `href` , `bot`, `addtime` ) VALUES ( '801', '', '04oqem6vcil0e7t902vjvgfod7', '127.0.0.1', '', 'http://travel.bus365.com/', '', '2017-04-14 09:39:06' ); 
由于连接方在一段时间后没有正确答复或连接的主机没有反应，连接尝试失败。
 ( 2002 )

【2017-04-14 09:42:13】
http://travel.bus365.com/

由于连接方在一段时间后没有正确答复或连接的主机没有反应，连接尝试失败。
 ( 2002 )

