【2017-03-30 09:11:57】
http://traveld.bus365.cn/menpiao/ticket_order-s8nIy8axob7Cv8LowuizycjLxrGhvw-s8nIy8ax-TRAV_NUM_NO-ADULT-8002449-434492-1646663.html

由于连接方在一段时间后没有正确答复或连接的主机没有反应，连接尝试失败。
 ( 2002 )

【2017-03-30 09:11:57】
http://traveld.bus365.cn/menpiao/ticket_order-s8nIy8axob7Cv8LowuizycjLxrGhvw-s8nIy8ax-TRAV_NUM_NO-ADULT-8002449-434492-1646663.html
SELECT * FROM `t_site_config` WHERE (`site_domain`='traveld.bus365.cn' OR `root_domain`='traveld.bus365.cn'  OR `mobile_domain`='traveld.bus365.cn' OR `other_domain` LIKE '%traveld.bus365.cn%' ) LIMIT 0,1
由于连接方在一段时间后没有正确答复或连接的主机没有反应，连接尝试失败。
 ( 2002 )

【2017-03-30 09:12:07】
http://traveld.bus365.cn/

由于连接方在一段时间后没有正确答复或连接的主机没有反应，连接尝试失败。
 ( 2002 )

【2017-03-30 09:12:07】
http://traveld.bus365.cn/
SELECT * FROM `t_site_config` WHERE (`site_domain`='traveld.bus365.cn' OR `root_domain`='traveld.bus365.cn'  OR `mobile_domain`='traveld.bus365.cn' OR `other_domain` LIKE '%traveld.bus365.cn%' ) LIMIT 0,1
由于连接方在一段时间后没有正确答复或连接的主机没有反应，连接尝试失败。
 ( 2002 )

【2017-03-30 09:12:35】
http://traveld.bus365.cn/

由于连接方在一段时间后没有正确答复或连接的主机没有反应，连接尝试失败。
 ( 2002 )

【2017-03-30 09:12:35】
http://traveld.bus365.cn/
SELECT * FROM `t_site_config` WHERE (`site_domain`='traveld.bus365.cn' OR `root_domain`='traveld.bus365.cn'  OR `mobile_domain`='traveld.bus365.cn' OR `other_domain` LIKE '%traveld.bus365.cn%' ) LIMIT 0,1
由于连接方在一段时间后没有正确答复或连接的主机没有反应，连接尝试失败。
 ( 2002 )

【2017-03-30 09:13:14】
http://traveld.bus365.cn/console/login?from=timeout

由于连接方在一段时间后没有正确答复或连接的主机没有反应，连接尝试失败。
 ( 2002 )

【2017-03-30 09:13:14】
http://traveld.bus365.cn/console/login?from=timeout
SELECT a.account, b.* FROM `t_admin` a, `t_site_config` b WHERE a.`site_id`=b.`site_id` AND a.`account_id`=''
由于连接方在一段时间后没有正确答复或连接的主机没有反应，连接尝试失败。
 ( 2002 )

【2017-03-30 09:13:14】
http://traveld.bus365.cn/console/login?from=timeout
SELECT * FROM `t_admin` WHERE `account_id`=''
由于连接方在一段时间后没有正确答复或连接的主机没有反应，连接尝试失败。
 ( 2002 )

【2017-03-30 09:13:14】
http://traveld.bus365.cn/console/login?from=timeout
SELECT * FROM `t_site_config` WHERE (`site_domain`='' OR `root_domain`=''  OR `mobile_domain`='' OR `other_domain` LIKE '%%' ) LIMIT 0,1
由于连接方在一段时间后没有正确答复或连接的主机没有反应，连接尝试失败。
 ( 2002 )

【2017-03-30 09:13:42】
http://traveld.bus365.cn/console/do.sso?ac=login&hash=2F8BFCC3337073509318

由于连接方在一段时间后没有正确答复或连接的主机没有反应，连接尝试失败。
 ( 2002 )

【2017-03-30 09:13:42】
http://traveld.bus365.cn/console/do.sso?ac=login&hash=2F8BFCC3337073509318
SELECT a.account, b.* FROM `t_admin` a, `t_site_config` b WHERE a.`site_id`=b.`site_id` AND a.`account_id`=''
由于连接方在一段时间后没有正确答复或连接的主机没有反应，连接尝试失败。
 ( 2002 )

【2017-03-30 09:13:42】
http://traveld.bus365.cn/console/do.sso?ac=login&hash=2F8BFCC3337073509318
SELECT * FROM `t_admin` WHERE `account_id`=''
由于连接方在一段时间后没有正确答复或连接的主机没有反应，连接尝试失败。
 ( 2002 )

【2017-03-30 09:13:42】
http://traveld.bus365.cn/console/do.sso?ac=login&hash=2F8BFCC3337073509318
SELECT * FROM `t_admin` WHERE `account`='admin' AND `password`=MD5('cloota')
由于连接方在一段时间后没有正确答复或连接的主机没有反应，连接尝试失败。
 ( 2002 )

【2017-03-30 09:13:53】
http://traveld.bus365.cn/

由于连接方在一段时间后没有正确答复或连接的主机没有反应，连接尝试失败。
 ( 2002 )

【2017-03-30 09:13:53】
http://traveld.bus365.cn/
SELECT * FROM `t_site_config` WHERE (`site_domain`='traveld.bus365.cn' OR `root_domain`='traveld.bus365.cn'  OR `mobile_domain`='traveld.bus365.cn' OR `other_domain` LIKE '%traveld.bus365.cn%' ) LIMIT 0,1
由于连接方在一段时间后没有正确答复或连接的主机没有反应，连接尝试失败。
 ( 2002 )

